This is pdfTeX, Version 3.141592653-2.6-1.40.25 (TeX Live 2023) (preloaded format=pdflatex 2023.4.16)  17 NOV 2023 10:40
entering extended mode
 restricted \write18 enabled.
 %&-line parsing enabled.
**app/routes.py
(./app/routes.py
LaTeX2e <2022-11-01> patch level 1
L3 programming layer <2023-02-22>

! LaTeX Error: Missing \begin{document}.

See the LaTeX manual or LaTeX Companion for explanation.
Type  H <return>  for immediate help.
 ...                                              
                                                  
l.1 f
     rom os import unlink
You're in trouble here.  Try typing  <return>  to proceed.
If that doesn't work, type  X <return>  to quit.

Missing character: There is no f in font nullfont!
Missing character: There is no r in font nullfont!
Missing character: There is no o in font nullfont!
Missing character: There is no m in font nullfont!
Missing character: There is no o in font nullfont!
Missing character: There is no s in font nullfont!
Missing character: There is no i in font nullfont!
Missing character: There is no m in font nullfont!
Missing character: There is no p in font nullfont!
Missing character: There is no o in font nullfont!
Missing character: There is no r in font nullfont!
Missing character: There is no t in font nullfont!
Missing character: There is no u in font nullfont!
Missing character: There is no n in font nullfont!
Missing character: There is no l in font nullfont!
Missing character: There is no i in font nullfont!
Missing character: There is no n in font nullfont!
Missing character: There is no k in font nullfont!
Missing character: There is no i in font nullfont!
Missing character: There is no m in font nullfont!
Missing character: There is no p in font nullfont!
Missing character: There is no o in font nullfont!
Missing character: There is no r in font nullfont!
Missing character: There is no t in font nullfont!
Missing character: There is no p in font nullfont!
Missing character: There is no d in font nullfont!
Missing character: There is no b in font nullfont!
Missing character: There is no i in font nullfont!
Missing character: There is no m in font nullfont!
Missing character: There is no p in font nullfont!
Missing character: There is no o in font nullfont!
Missing character: There is no r in font nullfont!
Missing character: There is no t in font nullfont!
Missing character: There is no j in font nullfont!
Missing character: There is no s in font nullfont!
Missing character: There is no o in font nullfont!
Missing character: There is no n in font nullfont!
Missing character: There is no f in font nullfont!
Missing character: There is no r in font nullfont!
Missing character: There is no o in font nullfont!
Missing character: There is no m in font nullfont!
Missing character: There is no p in font nullfont!
Missing character: There is no a in font nullfont!
Missing character: There is no t in font nullfont!
Missing character: There is no h in font nullfont!
Missing character: There is no l in font nullfont!
Missing character: There is no i in font nullfont!
Missing character: There is no b in font nullfont!
Missing character: There is no i in font nullfont!
Missing character: There is no m in font nullfont!
Missing character: There is no p in font nullfont!
Missing character: There is no o in font nullfont!
Missing character: There is no r in font nullfont!
Missing character: There is no t in font nullfont!
Missing character: There is no P in font nullfont!
Missing character: There is no a in font nullfont!
Missing character: There is no t in font nullfont!
Missing character: There is no h in font nullfont!
Missing character: There is no f in font nullfont!
Missing character: There is no r in font nullfont!
Missing character: There is no o in font nullfont!
Missing character: There is no m in font nullfont!
Missing character: There is no o in font nullfont!
Missing character: There is no s in font nullfont!
Missing character: There is no . in font nullfont!
Missing character: There is no p in font nullfont!
Missing character: There is no a in font nullfont!
Missing character: There is no t in font nullfont!
Missing character: There is no h in font nullfont!
Missing character: There is no i in font nullfont!
Missing character: There is no m in font nullfont!
Missing character: There is no p in font nullfont!
Missing character: There is no o in font nullfont!
Missing character: There is no r in font nullfont!
Missing character: There is no t in font nullfont!
Missing character: There is no a in font nullfont!
Missing character: There is no b in font nullfont!
Missing character: There is no s in font nullfont!
Missing character: There is no p in font nullfont!
Missing character: There is no a in font nullfont!
Missing character: There is no t in font nullfont!
Missing character: There is no h in font nullfont!

Overfull \hbox (20.0pt too wide) in paragraph at lines 1--6
[]
 []


! LaTeX Error: Missing \begin{document}.

See the LaTeX manual or LaTeX Companion for explanation.
Type  H <return>  for immediate help.
 ...                                              
                                                  
l.7 f
     rom _types import uvc_scope, uvc_recieve, uvc_send
You're in trouble here.  Try typing  <return>  to proceed.
If that doesn't work, type  X <return>  to quit.

Missing character: There is no f in font nullfont!
Missing character: There is no r in font nullfont!
Missing character: There is no o in font nullfont!
Missing character: There is no m in font nullfont!
! Missing $ inserted.
<inserted text> 
                $
l.7 from _
          types import uvc_scope, uvc_recieve, uvc_send
I've inserted a begin-math/end-math symbol since I think
you left one out. Proceed, with fingers crossed.

LaTeX Font Info:    External font `cmex10' loaded for size
(Font)              <7> on input line 7.
LaTeX Font Info:    External font `cmex10' loaded for size
(Font)              <5> on input line 7.
! Missing $ inserted.
<inserted text> 
                $
l.13 
     
I've inserted a begin-math/end-math symbol since I think
you left one out. Proceed, with fingers crossed.


Overfull \hbox (20.0pt too wide) in paragraph at lines 7--13
[]
 []


Overfull \hbox (1294.10246pt too wide) in paragraph at lines 7--13
[]\OML/cmm/m/it/10 ypesimportuvc[]cope; uvc[]ecieve; uvc[]endfromconfigimportas
setsdirfromstreaming[]orm[]ataimportStreamingFormDataParser; ParseFailedExcepti
onfromstreaming[]orm[]ata:targetsimportFileTargetfromapp:appimportAppfromapp:re
sponsesimportrbody; rstart\OT1/cmr/m/n/10 200[]\OML/cmm/m/it/10 son; rstart\OT1
/cmr/m/n/10 201[]\OML/cmm/m/it/10 tml$ 
 []


! LaTeX Error: Missing \begin{document}.

See the LaTeX manual or LaTeX Companion for explanation.
Type  H <return>  for immediate help.
 ...                                              
                                                  
l.15 c
      lass MaxSizeValidator:
You're in trouble here.  Try typing  <return>  to proceed.
If that doesn't work, type  X <return>  to quit.

Missing character: There is no c in font nullfont!
Missing character: There is no l in font nullfont!
Missing character: There is no a in font nullfont!
Missing character: There is no s in font nullfont!
Missing character: There is no s in font nullfont!
Missing character: There is no M in font nullfont!
Missing character: There is no a in font nullfont!
Missing character: There is no x in font nullfont!
Missing character: There is no S in font nullfont!
Missing character: There is no i in font nullfont!
Missing character: There is no z in font nullfont!
Missing character: There is no e in font nullfont!
Missing character: There is no V in font nullfont!
Missing character: There is no a in font nullfont!
Missing character: There is no l in font nullfont!
Missing character: There is no i in font nullfont!
Missing character: There is no d in font nullfont!
Missing character: There is no a in font nullfont!
Missing character: There is no t in font nullfont!
Missing character: There is no o in font nullfont!
Missing character: There is no r in font nullfont!
Missing character: There is no : in font nullfont!
! Missing $ inserted.
<inserted text> 
                $
l.16     _
          chunksize = 0
I've inserted a begin-math/end-math symbol since I think
you left one out. Proceed, with fingers crossed.

! Missing { inserted.
<to be read again> 
                   _
l.17     def __
               init__(self, max_size: int, filepath: Path):
A left brace was mandatory here, so I've put one in.
You might want to delete and/or insert some corrections
so that I will find a matching right brace soon.
(If you're confused by all this, try typing `I}' now.)

! Missing { inserted.
<to be read again> 
                   _
l.17     def __init__
                     (self, max_size: int, filepath: Path):
A left brace was mandatory here, so I've put one in.
You might want to delete and/or insert some corrections
so that I will find a matching right brace soon.
(If you're confused by all this, try typing `I}' now.)

! Missing $ inserted.
<inserted text> 
                $
l.20 
     
I've inserted a begin-math/end-math symbol since I think
you left one out. Proceed, with fingers crossed.

! Missing } inserted.
<inserted text> 
                }
l.20 
     
I've inserted something that you may have forgotten.
(See the <inserted text> above.)
With luck, this will get me unwedged. But if you
really didn't forget anything, try typing `2' now; then
my insertion and my current dilemma will both disappear.

! Missing } inserted.
<inserted text> 
                }
l.20 
     
I've inserted something that you may have forgotten.
(See the <inserted text> above.)
With luck, this will get me unwedged. But if you
really didn't forget anything, try typing `2' now; then
my insertion and my current dilemma will both disappear.


Overfull \hbox (20.0pt too wide) in paragraph at lines 15--20
[]
 []


Overfull \hbox (55.5178pt too wide) in paragraph at lines 15--20
[]\OML/cmm/m/it/10 hunksize \OT1/cmr/m/n/10 =
 []


Overfull \hbox (294.97054pt too wide) in paragraph at lines 15--20
\OT1/cmr/m/n/10 0\OML/cmm/m/it/10 def[]$ 
 []


! LaTeX Error: Missing \begin{document}.

See the LaTeX manual or LaTeX Companion for explanation.
Type  H <return>  for immediate help.
 ...                                              
                                                  
l.21     d
          ef callback(self, chunk: bytes) -> None:
You're in trouble here.  Try typing  <return>  to proceed.
If that doesn't work, type  X <return>  to quit.

Missing character: There is no d in font nullfont!
Missing character: There is no e in font nullfont!
Missing character: There is no f in font nullfont!
Missing character: There is no c in font nullfont!
Missing character: There is no a in font nullfont!
Missing character: There is no l in font nullfont!
Missing character: There is no l in font nullfont!
Missing character: There is no b in font nullfont!
Missing character: There is no a in font nullfont!
Missing character: There is no c in font nullfont!
Missing character: There is no k in font nullfont!
Missing character: There is no ( in font nullfont!
Missing character: There is no s in font nullfont!
Missing character: There is no e in font nullfont!
Missing character: There is no l in font nullfont!
Missing character: There is no f in font nullfont!
Missing character: There is no , in font nullfont!
Missing character: There is no c in font nullfont!
Missing character: There is no h in font nullfont!
Missing character: There is no u in font nullfont!
Missing character: There is no n in font nullfont!
Missing character: There is no k in font nullfont!
Missing character: There is no : in font nullfont!
Missing character: There is no b in font nullfont!
Missing character: There is no y in font nullfont!
Missing character: There is no t in font nullfont!
Missing character: There is no e in font nullfont!
Missing character: There is no s in font nullfont!
Missing character: There is no ) in font nullfont!
Missing character: There is no - in font nullfont!
Missing character: There is no > in font nullfont!
Missing character: There is no N in font nullfont!
Missing character: There is no o in font nullfont!
Missing character: There is no n in font nullfont!
Missing character: There is no e in font nullfont!
Missing character: There is no : in font nullfont!
Missing character: There is no s in font nullfont!
Missing character: There is no e in font nullfont!
Missing character: There is no l in font nullfont!
Missing character: There is no f in font nullfont!
Missing character: There is no . in font nullfont!
! Missing $ inserted.
<inserted text> 
                $
l.22         self._
                   chunksize += len(chunk)
I've inserted a begin-math/end-math symbol since I think
you left one out. Proceed, with fingers crossed.

! Missing $ inserted.
<inserted text> 
                $
l.26 
     
I've inserted a begin-math/end-math symbol since I think
you left one out. Proceed, with fingers crossed.


Overfull \hbox (20.0pt too wide) in paragraph at lines 21--26
[]
 []


Overfull \hbox (63.29561pt too wide) in paragraph at lines 21--26
[]\OML/cmm/m/it/10 hunksize\OT1/cmr/m/n/10 + =
 []


Overfull \hbox (134.60793pt too wide) in paragraph at lines 21--26
\OML/cmm/m/it/10 len\OT1/cmr/m/n/10 (\OML/cmm/m/it/10 chunk\OT1/cmr/m/n/10 )\OM
L/cmm/m/it/10 ifself:[]hunksize >
 []


Overfull \hbox (62.33762pt too wide) in paragraph at lines 21--26
\OML/cmm/m/it/10 self:[]ax[]ize \OT1/cmr/m/n/10 :
 []


Overfull \hbox (149.75822pt too wide) in paragraph at lines 21--26
\OML/cmm/m/it/10 self:[]ilepath:unlink\OT1/cmr/m/n/10 (\OML/cmm/m/it/10 missing
[]k \OT1/cmr/m/n/10 =
 []


Overfull \hbox (241.73257pt too wide) in paragraph at lines 21--26
\OML/cmm/m/it/10 True\OT1/cmr/m/n/10 )\OML/cmm/m/it/10 raiseValueError\OT1/cmr/
m/n/10 ("\OML/cmm/m/it/10 maximumfilesizeexceeded\OT1/cmr/m/n/10 ")$ 
 []


! LaTeX Error: Missing \begin{document}.

See the LaTeX manual or LaTeX Companion for explanation.
Type  H <return>  for immediate help.
 ...                                              
                                                  
l.28 a
      sync def parse_file_to_disk(recieve: uvc_recieve, headers: dict[str, s...

You're in trouble here.  Try typing  <return>  to proceed.
If that doesn't work, type  X <return>  to quit.

Missing character: There is no a in font nullfont!
Missing character: There is no s in font nullfont!
Missing character: There is no y in font nullfont!
Missing character: There is no n in font nullfont!
Missing character: There is no c in font nullfont!
Missing character: There is no d in font nullfont!
Missing character: There is no e in font nullfont!
Missing character: There is no f in font nullfont!
Missing character: There is no p in font nullfont!
Missing character: There is no a in font nullfont!
Missing character: There is no r in font nullfont!
Missing character: There is no s in font nullfont!
Missing character: There is no e in font nullfont!
! Missing $ inserted.
<inserted text> 
                $
l.28 async def parse_
                     file_to_disk(recieve: uvc_recieve, headers: dict[str, s...
I've inserted a begin-math/end-math symbol since I think
you left one out. Proceed, with fingers crossed.

! Missing $ inserted.
<inserted text> 
                $
l.35 
     
I've inserted a begin-math/end-math symbol since I think
you left one out. Proceed, with fingers crossed.


Overfull \hbox (20.0pt too wide) in paragraph at lines 28--35
[]
 []


Overfull \hbox (84.33173pt too wide) in paragraph at lines 28--35
[]\OML/cmm/m/it/10 ile[]o[]isk\OT1/cmr/m/n/10 (\OML/cmm/m/it/10 recieve \OT1/cm
r/m/n/10 :
 []


Overfull \hbox (91.67554pt too wide) in paragraph at lines 28--35
\OML/cmm/m/it/10 uvc[]ecieve; headers \OT1/cmr/m/n/10 :
 []


Overfull \hbox (99.15303pt too wide) in paragraph at lines 28--35
\OML/cmm/m/it/10 dict\OT1/cmr/m/n/10 [\OML/cmm/m/it/10 str; str\OT1/cmr/m/n/10 
]\OML/cmm/m/it/10 ; filepath \OT1/cmr/m/n/10 :
 []


Overfull \hbox (69.71484pt too wide) in paragraph at lines 28--35
\OML/cmm/m/it/10 Path; max[]ize \OT1/cmr/m/n/10 :
 []


Overfull \hbox (23.6141pt too wide) in paragraph at lines 28--35
\OML/cmm/m/it/10 int \OT1/cmr/m/n/10 =
 []


Overfull \hbox (52.2223pt too wide) in paragraph at lines 28--35
\OT1/cmr/m/n/10 100000)\OMS/cmsy/m/n/10 ^^@ \OML/cmm/m/it/10 >
 []


Overfull \hbox (30.18631pt too wide) in paragraph at lines 28--35
\OML/cmm/m/it/10 None \OT1/cmr/m/n/10 :
 []


Overfull \hbox (39.79515pt too wide) in paragraph at lines 28--35
\OML/cmm/m/it/10 parser \OT1/cmr/m/n/10 =
 []


Overfull \hbox (178.88663pt too wide) in paragraph at lines 28--35
\OML/cmm/m/it/10 StreamingFormDataParser\OT1/cmr/m/n/10 (\OML/cmm/m/it/10 heade
rs \OT1/cmr/m/n/10 =
 []


Overfull \hbox (84.88669pt too wide) in paragraph at lines 28--35
\OML/cmm/m/it/10 headers\OT1/cmr/m/n/10 )\OML/cmm/m/it/10 callback \OT1/cmr/m/n
/10 =
 []


Overfull \hbox (269.51195pt too wide) in paragraph at lines 28--35
\OML/cmm/m/it/10 MaxSizeValidator\OT1/cmr/m/n/10 (\OML/cmm/m/it/10 max[]ize; fi
lepath\OT1/cmr/m/n/10 )\OML/cmm/m/it/10 :callbackstr[]ilepath \OT1/cmr/m/n/10 =

 []


Overfull \hbox (133.47842pt too wide) in paragraph at lines 28--35
\OML/cmm/m/it/10 abspath\OT1/cmr/m/n/10 (\OML/cmm/m/it/10 filepath\OT1/cmr/m/n/
10 )\OML/cmm/m/it/10 file[]arget \OT1/cmr/m/n/10 =
 []


Overfull \hbox (184.3425pt too wide) in paragraph at lines 28--35
\OML/cmm/m/it/10 FileTarget\OT1/cmr/m/n/10 (\OML/cmm/m/it/10 str[]ilepath; allo
w[]verwrite \OT1/cmr/m/n/10 =
 []


Overfull \hbox (81.48567pt too wide) in paragraph at lines 28--35
\OML/cmm/m/it/10 False; validator \OT1/cmr/m/n/10 =
 []


Overfull \hbox (190.23743pt too wide) in paragraph at lines 28--35
\OML/cmm/m/it/10 callback\OT1/cmr/m/n/10 )\OML/cmm/m/it/10 parser:register\OT1/
cmr/m/n/10 ("\OML/cmm/m/it/10 file\OT1/cmr/m/n/10 "\OML/cmm/m/it/10 ; file[]arg
et\OT1/cmr/m/n/10 )$ 
 []


! LaTeX Error: Missing \begin{document}.

See the LaTeX manual or LaTeX Companion for explanation.
Type  H <return>  for immediate help.
 ...                                              
                                                  
l.36     m
          ore_body = True
You're in trouble here.  Try typing  <return>  to proceed.
If that doesn't work, type  X <return>  to quit.

Missing character: There is no m in font nullfont!
Missing character: There is no o in font nullfont!
Missing character: There is no r in font nullfont!
Missing character: There is no e in font nullfont!
! Missing $ inserted.
<inserted text> 
                $
l.36     more_
              body = True
I've inserted a begin-math/end-math symbol since I think
you left one out. Proceed, with fingers crossed.

! Missing $ inserted.
<inserted text> 
                $
l.41 
     
I've inserted a begin-math/end-math symbol since I think
you left one out. Proceed, with fingers crossed.


Overfull \hbox (49.88586pt too wide) in paragraph at lines 36--41
[]$[]\OML/cmm/m/it/10 ody \OT1/cmr/m/n/10 =
 []


Overfull \hbox (94.83351pt too wide) in paragraph at lines 36--41
\OML/cmm/m/it/10 Truewhilemore[]ody \OT1/cmr/m/n/10 :
 []


Overfull \hbox (29.94327pt too wide) in paragraph at lines 36--41
\OML/cmm/m/it/10 data \OT1/cmr/m/n/10 =
 []


Overfull \hbox (304.4185pt too wide) in paragraph at lines 36--41
\OML/cmm/m/it/10 awaitrecieve\OT1/cmr/m/n/10 ()\OML/cmm/m/it/10 parser:data[]ec
eived\OT1/cmr/m/n/10 (\OML/cmm/m/it/10 data:get\OT1/cmr/m/n/10 ("\OML/cmm/m/it/
10 body\OT1/cmr/m/n/10 "\OML/cmm/m/it/10 ; b\OT1/cmr/m/n/10 ""))\OML/cmm/m/it/1
0 more[]ody \OT1/cmr/m/n/10 =
 []


Overfull \hbox (125.81667pt too wide) in paragraph at lines 36--41
\OML/cmm/m/it/10 data:get\OT1/cmr/m/n/10 ("\OML/cmm/m/it/10 more[]ody\OT1/cmr/m
/n/10 "\OML/cmm/m/it/10 ; False\OT1/cmr/m/n/10 )$ 
 []


! LaTeX Error: Missing \begin{document}.

See the LaTeX manual or LaTeX Companion for explanation.
Type  H <return>  for immediate help.
 ...                                              
                                                  
l.43 a
      sync def read_body(receive: uvc_recieve) -> str:
You're in trouble here.  Try typing  <return>  to proceed.
If that doesn't work, type  X <return>  to quit.

Missing character: There is no a in font nullfont!
Missing character: There is no s in font nullfont!
Missing character: There is no y in font nullfont!
Missing character: There is no n in font nullfont!
Missing character: There is no c in font nullfont!
Missing character: There is no d in font nullfont!
Missing character: There is no e in font nullfont!
Missing character: There is no f in font nullfont!
Missing character: There is no r in font nullfont!
Missing character: There is no e in font nullfont!
Missing character: There is no a in font nullfont!
Missing character: There is no d in font nullfont!
! Missing $ inserted.
<inserted text> 
                $
l.43 async def read_
                    body(receive: uvc_recieve) -> str:
I've inserted a begin-math/end-math symbol since I think
you left one out. Proceed, with fingers crossed.

! Missing $ inserted.
<inserted text> 
                $
l.51 
     
I've inserted a begin-math/end-math symbol since I think
you left one out. Proceed, with fingers crossed.


Overfull \hbox (20.0pt too wide) in paragraph at lines 43--51
[]
 []


Overfull \hbox (60.51161pt too wide) in paragraph at lines 43--51
[]\OML/cmm/m/it/10 ody\OT1/cmr/m/n/10 (\OML/cmm/m/it/10 receive \OT1/cmr/m/n/10
 :
 []


Overfull \hbox (68.85611pt too wide) in paragraph at lines 43--51
\OML/cmm/m/it/10 uvc[]ecieve\OT1/cmr/m/n/10 )\OMS/cmsy/m/n/10 ^^@ \OML/cmm/m/it
/10 >
 []


Overfull \hbox (18.64348pt too wide) in paragraph at lines 43--51
\OML/cmm/m/it/10 str \OT1/cmr/m/n/10 :
 []


Overfull \hbox (30.16086pt too wide) in paragraph at lines 43--51
\OML/cmm/m/it/10 body \OT1/cmr/m/n/10 =
 []


Overfull \hbox (62.36163pt too wide) in paragraph at lines 43--51
\OML/cmm/m/it/10 b[]more[]ody \OT1/cmr/m/n/10 =
 []


Overfull \hbox (94.83351pt too wide) in paragraph at lines 43--51
\OML/cmm/m/it/10 Truewhilemore[]ody \OT1/cmr/m/n/10 :
 []


Overfull \hbox (48.43753pt too wide) in paragraph at lines 43--51
\OML/cmm/m/it/10 message \OT1/cmr/m/n/10 =
 []


Overfull \hbox (102.5096pt too wide) in paragraph at lines 43--51
\OML/cmm/m/it/10 awaitreceive\OT1/cmr/m/n/10 ()\OML/cmm/m/it/10 body\OT1/cmr/m/
n/10 + =
 []


Overfull \hbox (153.85596pt too wide) in paragraph at lines 43--51
\OML/cmm/m/it/10 message:get\OT1/cmr/m/n/10 ([]\OML/cmm/m/it/10 body[]; b[]\OT1
/cmr/m/n/10 )\OML/cmm/m/it/10 more[]ody \OT1/cmr/m/n/10 =
 []


Overfull \hbox (250.55545pt too wide) in paragraph at lines 43--51
\OML/cmm/m/it/10 message:get\OT1/cmr/m/n/10 ([]\OML/cmm/m/it/10 more[]ody[]; Fa
lse\OT1/cmr/m/n/10 )\OML/cmm/m/it/10 returnbody:decode\OT1/cmr/m/n/10 ([]\OML/c
mm/m/it/10 utf \OMS/cmsy/m/n/10 ^^@
 []


Overfull \hbox (11.69447pt too wide) in paragraph at lines 43--51
\OT1/cmr/m/n/10 8[])$ 
 []


! LaTeX Error: Missing \begin{document}.

See the LaTeX manual or LaTeX Companion for explanation.
Type  H <return>  for immediate help.
 ...                                              
                                                  
l.53 @
      App.route(
You're in trouble here.  Try typing  <return>  to proceed.
If that doesn't work, type  X <return>  to quit.

Missing character: There is no @ in font nullfont!
Missing character: There is no A in font nullfont!
Missing character: There is no p in font nullfont!
Missing character: There is no p in font nullfont!
Missing character: There is no . in font nullfont!
Missing character: There is no r in font nullfont!
Missing character: There is no o in font nullfont!
Missing character: There is no u in font nullfont!
Missing character: There is no t in font nullfont!
Missing character: There is no e in font nullfont!
Missing character: There is no ( in font nullfont!
Missing character: There is no r in font nullfont!
Missing character: There is no " in font nullfont!
! Missing $ inserted.
<inserted text> 
                $
l.54     r"^
            /profiles/(.+)/?.*$",
I've inserted a begin-math/end-math symbol since I think
you left one out. Proceed, with fingers crossed.

Missing character: There is no " in font nullfont!
Missing character: There is no , in font nullfont!
Missing character: There is no s in font nullfont!
Missing character: There is no c in font nullfont!
Missing character: There is no o in font nullfont!
Missing character: There is no p in font nullfont!
Missing character: There is no e in font nullfont!
! Missing $ inserted.
<inserted text> 
                $
l.55     scope_
               params={"method": "GET"},
I've inserted a begin-math/end-math symbol since I think
you left one out. Proceed, with fingers crossed.

! Missing $ inserted.
<inserted text> 
                $
l.64 
     
I've inserted a begin-math/end-math symbol since I think
you left one out. Proceed, with fingers crossed.


Overfull \hbox (20.0pt too wide) in paragraph at lines 53--64
[]
 []


Overfull \hbox (82.04025pt too wide) in paragraph at lines 53--64
[]\OML/cmm/m/it/10 profiles=\OT1/cmr/m/n/10 (\OML/cmm/m/it/10 :\OT1/cmr/m/n/10 
+)\OML/cmm/m/it/10 =\OT1/cmr/m/n/10 ?\OML/cmm/m/it/10 :\OMS/cmsy/m/n/10 ^^C$
 []


Overfull \hbox (44.00664pt too wide) in paragraph at lines 53--64
[]\OML/cmm/m/it/10 arams \OT1/cmr/m/n/10 =
 []


Overfull \hbox (128.20122pt too wide) in paragraph at lines 53--64
[]\OML/cmm/m/it/10 ; qs[]rgs \OT1/cmr/m/n/10 =
 []


Overfull \hbox (495.48282pt too wide) in paragraph at lines 53--64
[]\OT1/cmr/m/n/10 )\OML/cmm/m/it/10 asyncdefget[]rofiles\OT1/cmr/m/n/10 (\OML/c
mm/m/it/10 scope; recieve; send\OT1/cmr/m/n/10 ) :
 []


Overfull \hbox (68.31458pt too wide) in paragraph at lines 53--64
\OML/cmm/m/it/10 resource[]ath \OT1/cmr/m/n/10 =
 []


Overfull \hbox (157.74023pt too wide) in paragraph at lines 53--64
\OML/cmm/m/it/10 scope\OT1/cmr/m/n/10 ["\OML/cmm/m/it/10 group\OT1/cmr/m/n/10 "
][0]\OML/cmm/m/it/10 querystring[]rgs \OT1/cmr/m/n/10 =
 []


Overfull \hbox (115.22388pt too wide) in paragraph at lines 53--64
\OML/cmm/m/it/10 scope\OT1/cmr/m/n/10 ["\OML/cmm/m/it/10 qs[]rgs\OT1/cmr/m/n/10
 "]\OML/cmm/m/it/10 profiles \OT1/cmr/m/n/10 =
 []


Overfull \hbox (134.5055pt too wide) in paragraph at lines 53--64
\OML/cmm/m/it/10 scope\OT1/cmr/m/n/10 [[]\OML/cmm/m/it/10 state[]\OT1/cmr/m/n/1
0 ][[]\OML/cmm/m/it/10 profiles[]\OT1/cmr/m/n/10 ]\OML/cmm/m/it/10 body \OT1/cm
r/m/n/10 =
 []


Overfull \hbox (103.83768pt too wide) in paragraph at lines 53--64
\OML/cmm/m/it/10 awaitread[]ody\OT1/cmr/m/n/10 (\OML/cmm/m/it/10 recieve\OT1/cm
r/m/n/10 )$ 
 []


! LaTeX Error: Missing \begin{document}.

See the LaTeX manual or LaTeX Companion for explanation.
Type  H <return>  for immediate help.
 ...                                              
                                                  
l.65     i
          f resource_path:
You're in trouble here.  Try typing  <return>  to proceed.
If that doesn't work, type  X <return>  to quit.

Missing character: There is no i in font nullfont!
Missing character: There is no f in font nullfont!
Missing character: There is no r in font nullfont!
Missing character: There is no e in font nullfont!
Missing character: There is no s in font nullfont!
Missing character: There is no o in font nullfont!
Missing character: There is no u in font nullfont!
Missing character: There is no r in font nullfont!
Missing character: There is no c in font nullfont!
Missing character: There is no e in font nullfont!
! Missing $ inserted.
<inserted text> 
                $
l.65     if resource_
                     path:
I've inserted a begin-math/end-math symbol since I think
you left one out. Proceed, with fingers crossed.

! Missing $ inserted.
<inserted text> 
                $
l.72 
     
I've inserted a begin-math/end-math symbol since I think
you left one out. Proceed, with fingers crossed.


Overfull \hbox (20.0pt too wide) in paragraph at lines 65--72
[]
 []


Overfull \hbox (24.83643pt too wide) in paragraph at lines 65--72
[]\OML/cmm/m/it/10 ath \OT1/cmr/m/n/10 :
 []


Overfull \hbox (110.75848pt too wide) in paragraph at lines 65--72
\OML/cmm/m/it/10 asyncwithprofiles\OT1/cmr/m/n/10 ()\OML/cmm/m/it/10 asp \OT1/c
mr/m/n/10 :
 []


Overfull \hbox (69.24359pt too wide) in paragraph at lines 65--72
\OML/cmm/m/it/10 response[]ody \OT1/cmr/m/n/10 =
 []


Overfull \hbox (200.37189pt too wide) in paragraph at lines 65--72
\OML/cmm/m/it/10 awaitp:queryfilter\OT1/cmr/m/n/10 ([]\OML/cmm/m/it/10 uname[];
 resource[]ath; \OMS/cmsy/m/n/10 ^^C ^^C
 []


Overfull \hbox (514.03584pt too wide) in paragraph at lines 65--72
\OML/cmm/m/it/10 querystring[]rgs\OT1/cmr/m/n/10 )\OML/cmm/m/it/10 orNoneawaits
end\OT1/cmr/m/n/10 (\OML/cmm/m/it/10 rstart\OT1/cmr/m/n/10 200[]\OML/cmm/m/it/1
0 son\OT1/cmr/m/n/10 )\OML/cmm/m/it/10 awaitsend\OT1/cmr/m/n/10 (\OML/cmm/m/it/
10 rbody\OT1/cmr/m/n/10 (\OML/cmm/m/it/10 json:dumps\OT1/cmr/m/n/10 (\OML/cmm/m
/it/10 response[]ody\OT1/cmr/m/n/10 )\OML/cmm/m/it/10 :encode\OT1/cmr/m/n/10 ([
]\OML/cmm/m/it/10 utf[]\OT1/cmr/m/n/10 )))\OML/cmm/m/it/10 else \OT1/cmr/m/n/10
 :
 []


Overfull \hbox (176.07365pt too wide) in paragraph at lines 65--72
\OML/cmm/m/it/10 raiseValueError\OT1/cmr/m/n/10 ("\OML/cmm/m/it/10 invalidquery
string \OT1/cmr/m/n/10 :
 []


Overfull \hbox (145.7066pt too wide) in paragraph at lines 65--72
\OML/cmm/m/it/10 mandatoryparametersmissing\OT1/cmr/m/n/10 ")$ 
 []


! LaTeX Error: Missing \begin{document}.

See the LaTeX manual or LaTeX Companion for explanation.
Type  H <return>  for immediate help.
 ...                                              
                                                  
l.74 @
      App.route(
You're in trouble here.  Try typing  <return>  to proceed.
If that doesn't work, type  X <return>  to quit.

Missing character: There is no @ in font nullfont!
Missing character: There is no A in font nullfont!
Missing character: There is no p in font nullfont!
Missing character: There is no p in font nullfont!
Missing character: There is no . in font nullfont!
Missing character: There is no r in font nullfont!
Missing character: There is no o in font nullfont!
Missing character: There is no u in font nullfont!
Missing character: There is no t in font nullfont!
Missing character: There is no e in font nullfont!
Missing character: There is no ( in font nullfont!
Missing character: There is no r in font nullfont!
Missing character: There is no " in font nullfont!
! Missing $ inserted.
<inserted text> 
                $
l.75     r"^
            /assets/upload/?.*$",
I've inserted a begin-math/end-math symbol since I think
you left one out. Proceed, with fingers crossed.

Missing character: There is no " in font nullfont!
Missing character: There is no , in font nullfont!
Missing character: There is no s in font nullfont!
Missing character: There is no c in font nullfont!
Missing character: There is no o in font nullfont!
Missing character: There is no p in font nullfont!
Missing character: There is no e in font nullfont!
! Missing $ inserted.
<inserted text> 
                $
l.76     scope_
               params={"method": "POST"},
I've inserted a begin-math/end-math symbol since I think
you left one out. Proceed, with fingers crossed.

! Missing $ inserted.
<inserted text> 
                $
l.81 
     
I've inserted a begin-math/end-math symbol since I think
you left one out. Proceed, with fingers crossed.


Overfull \hbox (20.0pt too wide) in paragraph at lines 74--81
[]
 []


Overfull \hbox (83.98744pt too wide) in paragraph at lines 74--81
[]\OML/cmm/m/it/10 assets=upload=\OT1/cmr/m/n/10 ?\OML/cmm/m/it/10 :\OMS/cmsy/m
/n/10 ^^C$
 []


Overfull \hbox (44.00664pt too wide) in paragraph at lines 74--81
[]\OML/cmm/m/it/10 arams \OT1/cmr/m/n/10 =
 []


Overfull \hbox (134.80331pt too wide) in paragraph at lines 74--81
[]\OML/cmm/m/it/10 ; qs[]rgs \OT1/cmr/m/n/10 =
 []


Overfull \hbox (449.76622pt too wide) in paragraph at lines 74--81
[]\OT1/cmr/m/n/10 )\OML/cmm/m/it/10 asyncdefpost[]sset\OT1/cmr/m/n/10 (\OML/cmm
/m/it/10 scope; recieve; send\OT1/cmr/m/n/10 ) :
 []


Overfull \hbox (82.55835pt too wide) in paragraph at lines 74--81
\OML/cmm/m/it/10 querystring[]rgs \OT1/cmr/m/n/10 =
 []


Overfull \hbox (68.05879pt too wide) in paragraph at lines 74--81
\OML/cmm/m/it/10 scope\OT1/cmr/m/n/10 ["\OML/cmm/m/it/10 qs[]rgs\OT1/cmr/m/n/10
 "]$ 
 []


! LaTeX Error: Missing \begin{document}.

See the LaTeX manual or LaTeX Companion for explanation.
Type  H <return>  for immediate help.
 ...                                              
                                                  
l.82     u
          name = querystring_args.get("uname", "")
You're in trouble here.  Try typing  <return>  to proceed.
If that doesn't work, type  X <return>  to quit.

Missing character: There is no u in font nullfont!
Missing character: There is no n in font nullfont!
Missing character: There is no a in font nullfont!
Missing character: There is no m in font nullfont!
Missing character: There is no e in font nullfont!
Missing character: There is no = in font nullfont!
Missing character: There is no q in font nullfont!
Missing character: There is no u in font nullfont!
Missing character: There is no e in font nullfont!
Missing character: There is no r in font nullfont!
Missing character: There is no y in font nullfont!
Missing character: There is no s in font nullfont!
Missing character: There is no t in font nullfont!
Missing character: There is no r in font nullfont!
Missing character: There is no i in font nullfont!
Missing character: There is no n in font nullfont!
Missing character: There is no g in font nullfont!
! Missing $ inserted.
<inserted text> 
                $
l.82     uname = querystring_
                             args.get("uname", "")
I've inserted a begin-math/end-math symbol since I think
you left one out. Proceed, with fingers crossed.

! Missing $ inserted.
<inserted text> 
                $
l.85 
     
I've inserted a begin-math/end-math symbol since I think
you left one out. Proceed, with fingers crossed.


Overfull \hbox (20.0pt too wide) in paragraph at lines 82--85
[]
 []


Overfull \hbox (146.86984pt too wide) in paragraph at lines 82--85
[]\OML/cmm/m/it/10 rgs:get\OT1/cmr/m/n/10 ("\OML/cmm/m/it/10 uname\OT1/cmr/m/n/
10 "\OML/cmm/m/it/10 ; \OT1/cmr/m/n/10 "")\OML/cmm/m/it/10 parentid \OT1/cmr/m/
n/10 =
 []


Overfull \hbox (189.38678pt too wide) in paragraph at lines 82--85
\OML/cmm/m/it/10 querystring[]rgs:get\OT1/cmr/m/n/10 ("\OML/cmm/m/it/10 parentp
k\OT1/cmr/m/n/10 "\OML/cmm/m/it/10 ; \OT1/cmr/m/n/10 "")\OML/cmm/m/it/10 title 
\OT1/cmr/m/n/10 =
 []


Overfull \hbox (138.90294pt too wide) in paragraph at lines 82--85
\OML/cmm/m/it/10 querystring[]rgs:get\OT1/cmr/m/n/10 ("\OML/cmm/m/it/10 title\O
T1/cmr/m/n/10 "\OML/cmm/m/it/10 ; \OT1/cmr/m/n/10 "")$ 
 []


! LaTeX Error: Missing \begin{document}.

See the LaTeX manual or LaTeX Companion for explanation.
Type  H <return>  for immediate help.
 ...                                              
                                                  
l.86     a
          ssets = scope['state']['assets']
You're in trouble here.  Try typing  <return>  to proceed.
If that doesn't work, type  X <return>  to quit.

Missing character: There is no a in font nullfont!
Missing character: There is no s in font nullfont!
Missing character: There is no s in font nullfont!
Missing character: There is no e in font nullfont!
Missing character: There is no t in font nullfont!
Missing character: There is no s in font nullfont!
Missing character: There is no = in font nullfont!
Missing character: There is no s in font nullfont!
Missing character: There is no c in font nullfont!
Missing character: There is no o in font nullfont!
Missing character: There is no p in font nullfont!
Missing character: There is no e in font nullfont!
Missing character: There is no [ in font nullfont!
Missing character: There is no ' in font nullfont!
Missing character: There is no s in font nullfont!
Missing character: There is no t in font nullfont!
Missing character: There is no a in font nullfont!
Missing character: There is no t in font nullfont!
Missing character: There is no e in font nullfont!
Missing character: There is no ' in font nullfont!
Missing character: There is no ] in font nullfont!
Missing character: There is no [ in font nullfont!
Missing character: There is no ' in font nullfont!
Missing character: There is no a in font nullfont!
Missing character: There is no s in font nullfont!
Missing character: There is no s in font nullfont!
Missing character: There is no e in font nullfont!
Missing character: There is no t in font nullfont!
Missing character: There is no s in font nullfont!
Missing character: There is no ' in font nullfont!
Missing character: There is no ] in font nullfont!
Missing character: There is no a in font nullfont!
Missing character: There is no s in font nullfont!
Missing character: There is no y in font nullfont!
Missing character: There is no n in font nullfont!
Missing character: There is no c in font nullfont!
Missing character: There is no w in font nullfont!
Missing character: There is no i in font nullfont!
Missing character: There is no t in font nullfont!
Missing character: There is no h in font nullfont!
Missing character: There is no a in font nullfont!
Missing character: There is no s in font nullfont!
Missing character: There is no s in font nullfont!
Missing character: There is no e in font nullfont!
Missing character: There is no t in font nullfont!
Missing character: There is no s in font nullfont!
Missing character: There is no ( in font nullfont!
Missing character: There is no ) in font nullfont!
Missing character: There is no a in font nullfont!
Missing character: There is no s in font nullfont!
Missing character: There is no a in font nullfont!
Missing character: There is no : in font nullfont!
Missing character: There is no i in font nullfont!
Missing character: There is no f in font nullfont!
Missing character: There is no u in font nullfont!
Missing character: There is no n in font nullfont!
Missing character: There is no a in font nullfont!
Missing character: There is no m in font nullfont!
Missing character: There is no e in font nullfont!
Missing character: There is no a in font nullfont!
Missing character: There is no n in font nullfont!
Missing character: There is no d in font nullfont!
Missing character: There is no p in font nullfont!
Missing character: There is no a in font nullfont!
Missing character: There is no r in font nullfont!
Missing character: There is no e in font nullfont!
Missing character: There is no n in font nullfont!
Missing character: There is no t in font nullfont!
Missing character: There is no i in font nullfont!
Missing character: There is no d in font nullfont!
Missing character: There is no : in font nullfont!
Missing character: There is no n in font nullfont!
Missing character: There is no e in font nullfont!
Missing character: There is no w in font nullfont!
! Missing $ inserted.
<inserted text> 
                $
l.89             new_
                     row = await a.insert(["uname", "parentpk"], [uname, par...
I've inserted a begin-math/end-math symbol since I think
you left one out. Proceed, with fingers crossed.

! Missing $ inserted.
<inserted text> 
                $
l.100 
      
I've inserted a begin-math/end-math symbol since I think
you left one out. Proceed, with fingers crossed.


Overfull \hbox (20.0pt too wide) in paragraph at lines 86--100
[]
 []


Overfull \hbox (27.25925pt too wide) in paragraph at lines 86--100
[]\OML/cmm/m/it/10 ow \OT1/cmr/m/n/10 =
 []


Overfull \hbox (306.64693pt too wide) in paragraph at lines 86--100
\OML/cmm/m/it/10 awaita:insert\OT1/cmr/m/n/10 (["\OML/cmm/m/it/10 uname\OT1/cmr
/m/n/10 "\OML/cmm/m/it/10 ; \OT1/cmr/m/n/10 "\OML/cmm/m/it/10 parentpk\OT1/cmr/
m/n/10 "]\OML/cmm/m/it/10 ; \OT1/cmr/m/n/10 [\OML/cmm/m/it/10 uname; parentid\O
T1/cmr/m/n/10 ]\OML/cmm/m/it/10 ; returning \OT1/cmr/m/n/10 =
 []


Overfull \hbox (77.017pt too wide) in paragraph at lines 86--100
\OML/cmm/m/it/10 True; encoding \OT1/cmr/m/n/10 =
 []


Overfull \hbox (49.62732pt too wide) in paragraph at lines 86--100
\OML/cmm/m/it/10 None\OT1/cmr/m/n/10 )\OML/cmm/m/it/10 pk \OT1/cmr/m/n/10 =
 []


Overfull \hbox (148.88545pt too wide) in paragraph at lines 86--100
\OML/cmm/m/it/10 new[]ow\OT1/cmr/m/n/10 ["\OML/cmm/m/it/10 pk\OT1/cmr/m/n/10 "]
\OML/cmm/m/it/10 elifunameandtitle \OT1/cmr/m/n/10 :
 []


Overfull \hbox (45.07703pt too wide) in paragraph at lines 86--100
\OML/cmm/m/it/10 new[]ow \OT1/cmr/m/n/10 =
 []


Overfull \hbox (265.70076pt too wide) in paragraph at lines 86--100
\OML/cmm/m/it/10 awaita:insert\OT1/cmr/m/n/10 (["\OML/cmm/m/it/10 uname\OT1/cmr
/m/n/10 "\OML/cmm/m/it/10 ; \OT1/cmr/m/n/10 "\OML/cmm/m/it/10 title\OT1/cmr/m/n
/10 "]\OML/cmm/m/it/10 ; \OT1/cmr/m/n/10 [\OML/cmm/m/it/10 uname; title\OT1/cmr
/m/n/10 ]\OML/cmm/m/it/10 ; returning \OT1/cmr/m/n/10 =
 []


Overfull \hbox (77.017pt too wide) in paragraph at lines 86--100
\OML/cmm/m/it/10 True; encoding \OT1/cmr/m/n/10 =
 []


Overfull \hbox (49.62732pt too wide) in paragraph at lines 86--100
\OML/cmm/m/it/10 None\OT1/cmr/m/n/10 )\OML/cmm/m/it/10 pk \OT1/cmr/m/n/10 =
 []


Overfull \hbox (83.36531pt too wide) in paragraph at lines 86--100
\OML/cmm/m/it/10 new[]ow\OT1/cmr/m/n/10 ["\OML/cmm/m/it/10 pk\OT1/cmr/m/n/10 "]
\OML/cmm/m/it/10 else \OT1/cmr/m/n/10 :
 []


Overfull \hbox (176.07365pt too wide) in paragraph at lines 86--100
\OML/cmm/m/it/10 raiseValueError\OT1/cmr/m/n/10 ("\OML/cmm/m/it/10 invalidquery
string \OT1/cmr/m/n/10 :
 []


Overfull \hbox (193.20618pt too wide) in paragraph at lines 86--100
\OML/cmm/m/it/10 mandatoryparametersmissing\OT1/cmr/m/n/10 ")\OML/cmm/m/it/10 f
ilepath \OT1/cmr/m/n/10 =
 []


Overfull \hbox (89.13972pt too wide) in paragraph at lines 86--100
\OML/cmm/m/it/10 assetsdir=\OT1/cmr/m/n/10 (\OML/cmm/m/it/10 str\OT1/cmr/m/n/10
 (\OML/cmm/m/it/10 pk\OT1/cmr/m/n/10 ) +
 []


Overfull \hbox (76.24661pt too wide) in paragraph at lines 86--100
\OT1/cmr/m/n/10 "\OML/cmm/m/it/10 :tex\OT1/cmr/m/n/10 ")\OML/cmm/m/it/10 header
s \OT1/cmr/m/n/10 =
 []


Overfull \hbox (556.50636pt too wide) in paragraph at lines 86--100
[]\OML/cmm/m/it/10 awaitparse[]ile[]o[]isk\OT1/cmr/m/n/10 (\OML/cmm/m/it/10 rec
ieve; headers; filepath; max[]ize \OT1/cmr/m/n/10 =
 []


Overfull \hbox (43.88902pt too wide) in paragraph at lines 86--100
\OT1/cmr/m/n/10 10000000)$ 
 []


! LaTeX Error: Missing \begin{document}.

See the LaTeX manual or LaTeX Companion for explanation.
Type  H <return>  for immediate help.
 ...                                              
                                                  
l.101     a
           wait send(rstart201_html)
You're in trouble here.  Try typing  <return>  to proceed.
If that doesn't work, type  X <return>  to quit.

Missing character: There is no a in font nullfont!
Missing character: There is no w in font nullfont!
Missing character: There is no a in font nullfont!
Missing character: There is no i in font nullfont!
Missing character: There is no t in font nullfont!
Missing character: There is no s in font nullfont!
Missing character: There is no e in font nullfont!
Missing character: There is no n in font nullfont!
Missing character: There is no d in font nullfont!
Missing character: There is no ( in font nullfont!
Missing character: There is no r in font nullfont!
Missing character: There is no s in font nullfont!
Missing character: There is no t in font nullfont!
Missing character: There is no a in font nullfont!
Missing character: There is no r in font nullfont!
Missing character: There is no t in font nullfont!
Missing character: There is no 2 in font nullfont!
Missing character: There is no 0 in font nullfont!
Missing character: There is no 1 in font nullfont!
! Missing $ inserted.
<inserted text> 
                $
l.101     await send(rstart201_
                               html)
I've inserted a begin-math/end-math symbol since I think
you left one out. Proceed, with fingers crossed.

! Missing $ inserted.
<inserted text> 
                $
l.103 
      
I've inserted a begin-math/end-math symbol since I think
you left one out. Proceed, with fingers crossed.


Overfull \hbox (20.0pt too wide) in paragraph at lines 101--103
[]
 []


Overfull \hbox (134.83086pt too wide) in paragraph at lines 101--103
[]\OML/cmm/m/it/10 tml\OT1/cmr/m/n/10 )\OML/cmm/m/it/10 awaitsend\OT1/cmr/m/n/1
0 (\OML/cmm/m/it/10 rbody\OT1/cmr/m/n/10 (\OML/cmm/m/it/10 None\OT1/cmr/m/n/10 
))$ 
 []


! LaTeX Error: Missing \begin{document}.

See the LaTeX manual or LaTeX Companion for explanation.
Type  H <return>  for immediate help.
 ...                                              
                                                  
l.104 @
       App.route(
You're in trouble here.  Try typing  <return>  to proceed.
If that doesn't work, type  X <return>  to quit.

Missing character: There is no @ in font nullfont!
Missing character: There is no A in font nullfont!
Missing character: There is no p in font nullfont!
Missing character: There is no p in font nullfont!
Missing character: There is no . in font nullfont!
Missing character: There is no r in font nullfont!
Missing character: There is no o in font nullfont!
Missing character: There is no u in font nullfont!
Missing character: There is no t in font nullfont!
Missing character: There is no e in font nullfont!
Missing character: There is no ( in font nullfont!
Missing character: There is no r in font nullfont!
Missing character: There is no " in font nullfont!
! Missing $ inserted.
<inserted text> 
                $
l.105     r"^
             /assets/upload/?.*$",
I've inserted a begin-math/end-math symbol since I think
you left one out. Proceed, with fingers crossed.

Missing character: There is no " in font nullfont!
Missing character: There is no , in font nullfont!
Missing character: There is no s in font nullfont!
Missing character: There is no c in font nullfont!
Missing character: There is no o in font nullfont!
Missing character: There is no p in font nullfont!
Missing character: There is no e in font nullfont!
! Missing $ inserted.
<inserted text> 
                $
l.106     scope_
                params={"method": "DELETE"},
I've inserted a begin-math/end-math symbol since I think
you left one out. Proceed, with fingers crossed.

)
! Emergency stop.
<*> app/routes.py
                 
*** (job aborted, no legal \end found)

 
Here is how much of TeX's memory you used:
 20 strings out of 476025
 420 string characters out of 5790017
 1856388 words of memory out of 5000000
 20571 multiletter control sequences out of 15000+600000
 512287 words of font info for 32 fonts, out of 8000000 for 9000
 1141 hyphenation exceptions out of 8191
 18i,3n,12p,168b,57s stack positions out of 10000i,1000n,20000p,200000b,200000s
!  ==> Fatal error occurred, no output PDF file produced!
